TN:
SF:/Users/peterrhodes/Desktop/Desktop/beatTheDealer/js/modules/create-deck.js
FN:4,createDeck
FN:4,(anonymous_1)
FN:4,(anonymous_2)
FNF:3
FNH:3
FNDA:3,createDeck
FNDA:12,(anonymous_1)
FNDA:156,(anonymous_2)
DA:1,1
DA:2,1
DA:4,156
LF:3
LH:3
BRF:0
BRH:0
end_of_record
TN:
SF:/Users/peterrhodes/Desktop/Desktop/beatTheDealer/js/modules/deal-cards.js
FN:1,dealCards
FN:9,dealOneCard
FNF:2
FNH:2
FNDA:4,dealCards
FNDA:3,dealOneCard
DA:1,1
DA:2,4
DA:6,4
DA:9,3
LF:4
LH:4
BRF:0
BRH:0
end_of_record
TN:
SF:/Users/peterrhodes/Desktop/Desktop/beatTheDealer/js/modules/has-won.js
FN:1,hasWon
FNF:1
FNH:1
FNDA:6,hasWon
DA:1,1
DA:2,6
DA:3,1
DA:4,5
DA:5,1
DA:6,4
DA:7,1
DA:8,3
DA:9,1
DA:10,2
DA:11,1
DA:12,1
DA:13,0
DA:15,1
LF:14
LH:13
BRDA:2,0,0,1
BRDA:2,0,1,5
BRDA:2,1,0,6
BRDA:2,1,1,2
BRDA:2,1,2,5
BRDA:2,1,3,1
BRDA:4,2,0,1
BRDA:4,2,1,4
BRDA:6,3,0,1
BRDA:6,3,1,3
BRDA:8,4,0,1
BRDA:8,4,1,2
BRDA:10,5,0,1
BRDA:10,5,1,1
BRDA:12,6,0,0
BRDA:12,6,1,1
BRDA:12,7,0,1
BRDA:12,7,1,0
BRF:18
BRH:16
end_of_record
TN:
SF:/Users/peterrhodes/Desktop/Desktop/beatTheDealer/js/modules/log-player-cards.js
FN:1,logPlayerCards
FNF:1
FNH:1
FNDA:4,logPlayerCards
DA:1,4
LF:1
LH:1
BRF:0
BRH:0
end_of_record
TN:
SF:/Users/peterrhodes/Desktop/Desktop/beatTheDealer/js/modules/log-total.js
FN:1,logTotal
FNF:1
FNH:1
FNDA:3,logTotal
DA:1,3
LF:1
LH:1
BRF:0
BRH:0
end_of_record
TN:
SF:/Users/peterrhodes/Desktop/Desktop/beatTheDealer/js/modules/shuffle-deck.js
FN:1,shuffle
FN:1,(anonymous_1)
FN:1,(anonymous_2)
FNF:3
FNH:3
FNDA:25,shuffle
FNDA:75,(anonymous_1)
FNDA:5117,(anonymous_2)
DA:1,5117
LF:1
LH:1
BRF:0
BRH:0
end_of_record
TN:
SF:/Users/peterrhodes/Desktop/Desktop/beatTheDealer/js/modules/totaliser.js
FN:8,totaliser
FN:9,(anonymous_1)
FN:10,(anonymous_2)
FNF:3
FNH:3
FNDA:6,totaliser
FNDA:12,(anonymous_1)
FNDA:12,(anonymous_2)
DA:1,1
DA:8,1
DA:9,12
DA:10,12
LF:4
LH:4
BRDA:10,0,0,12
BRDA:10,0,1,12
BRDA:10,1,0,12
BRDA:10,1,1,6
BRF:4
BRH:4
end_of_record
